Arguments: 
  /usr/local/Cellar/node/8.9.1/bin/node /usr/local/Cellar/yarn/1.3.2/libexec/bin/yarn.js add @fontawesome/fontawesome-svg-core

PATH: 
  /Users/lesliewilson/.gem/ruby/2.3.3/bin:/Users/lesliewilson/.rubies/ruby-2.3.3/lib/ruby/gems/2.3.0/bin:/Users/lesliewilson/.rubies/ruby-2.3.3/bin:/Library/Frameworks/Python.framework/Versions/3.7/bin:/usr/local/bin:/usr/bin:/bin:/usr/sbin:/sbin:/Applications/Wireshark.app/Contents/MacOS:/Applications/Postgres.app/Contents/Versions/9.6/bin:/Applications/Postgres.app/Contents/Versions/9.6/bin:/Applications/Postgres.app/Contents/Versions/9.6/bin

Yarn version: 
  1.3.2

Node version: 
  11.2.0

Platform: 
  darwin x64

npm manifest: 
  No manifest

yarn manifest: 
  No manifest

Lockfile: 
  No lockfile

Trace: 
  Error: https://registry.yarnpkg.com/@fontawesome%2ffontawesome-svg-core: Not found
      at Request.params.callback [as _callback] (/usr/local/Cellar/yarn/1.3.2/libexec/lib/cli.js:62098:18)
      at Request.self.callback (/usr/local/Cellar/yarn/1.3.2/libexec/lib/cli.js:123085:22)
      at Request.emit (events.js:182:13)
      at Request.<anonymous> (/usr/local/Cellar/yarn/1.3.2/libexec/lib/cli.js:124068:10)
      at Request.emit (events.js:182:13)
      at IncomingMessage.<anonymous> (/usr/local/Cellar/yarn/1.3.2/libexec/lib/cli.js:123988:12)
      at Object.onceWrapper (events.js:273:13)
      at IncomingMessage.emit (events.js:187:15)
      at endReadableNT (_stream_readable.js:1098:12)
      at process.internalTickCallback (internal/process/next_tick.js:72:19)
